DEBUG:urllib3:Added a stderr logging handler to logger: urllib3
DEBUG:undetected_chromedriver.patcher:getting release number from /last-known-good-versions-with-downloads.json
DEBUG:undetected_chromedriver.patcher:downloading from https://storage.googleapis.com/chrome-for-testing-public/127.0.6533.119/win32/chromedriver-win32.zip
DEBUG:undetected_chromedriver.patcher:unzipping C:\Temp\tmps655tsof
INFO:undetected_chromedriver.patcher:patching driver executable C:\Users\Admin777\appdata\roaming\undetected_chromedriver\undetected_chromedriver.exe
DEBUG:undetected_chromedriver.patcher:found block:
b'{window.cdc_adoQpoasnfa76pfcZLmcfl_Array = window.Array;window.cdc_adoQpoasnfa76pfcZLmcfl_Object = window.Object;window.cdc_adoQpoasnfa76pfcZLmcfl_Promise = window.Promise;window.cdc_adoQpoasnfa76pfcZLmcfl_Proxy = window.Proxy;window.cdc_adoQpoasnfa76pfcZLmcfl_Symbol = window.Symbol;window.cdc_adoQpoasnfa76pfcZLmcfl_JSON = window.JSON;}'
replacing with:
b'{console.log("undetected chromedriver 1337!")}                                                                                                                                                                                                                                                                                                    '
DEBUG:undetected_chromedriver.patcher:patching took us 0.03 seconds
DEBUG:uc:created a temporary folder in which the user-data (profile) will be stored during this
session, and added it to chrome startup arguments: --user-data-dir=C:\Temp\tmpaq2b60ur
DEBUG:uc:checking if C:\Program Files (x86)\Google/Chrome/Application\chrome.exe exists and is executable
DEBUG:uc:checking if C:\Program Files\Google/Chrome/Application\chrome.exe exists and is executable
DEBUG:uc:found! using C:\Program Files\Google/Chrome/Application\chrome.exe
DEBUG:uc:did not find a bad exit_type flag 
DEBUG:selenium.webdriver.common.driver_finder:Skipping Selenium Manager; path to chrome driver specified in Service class: C:\Users\Admin777\appdata\roaming\undetected_chromedriver\undetected_chromedriver.exe
DEBUG:selenium.webdriver.common.service:Started executable: `C:\Users\Admin777\appdata\roaming\undetected_chromedriver\undetected_chromedriver.exe` in a child process with pid: 1472 using 0 to output -3
DEBUG:selenium.webdriver.remote.remote_connection:POST http://localhost:59424/session {'capabilities': {'firstMatch': [{}], 'alwaysMatch': {'browserName': 'chrome', 'pageLoadStrategy': <PageLoadStrategy.normal: 'normal'>, 'goog:chromeOptions': {'extensions': [], 'binary': 'C:\\Program Files\\Google\\Chrome\\Application\\chrome.exe', 'args': ['--disable-gpu', '--remote-debugging-host=127.0.0.1', '--remote-debugging-port=59423', '--user-data-dir=C:\\Temp\\tmpaq2b60ur', '--lang=ru-RU', '--no-default-browser-check', '--no-first-run', '--no-sandbox', '--test-type', '--window-size=1920,1080', '--start-maximized', '--no-sandbox', '--log-level=0'], 'debuggerAddress': '127.0.0.1:59423'}}}}
DEBUG:urllib3.connectionpool:Starting new HTTP connection (1): localhost:59424
DEBUG:urllib3.connectionpool:http://localhost:59424 "POST /session HTTP/11" 200 0
DEBUG:selenium.webdriver.remote.remote_connection:Remote response: status=200 | data={"value":{"capabilities":{"acceptInsecureCerts":false,"browserName":"chrome","browserVersion":"127.0.6533.100","chrome":{"chromedriverVersion":"127.0.6533.119 (bdef6783a05f0b3f885591e7d2c7b2aec1a89dea-refs/branch-heads/6533@{#1999})"},"fedcm:accounts":true,"goog:chromeOptions":{"debuggerAddress":"127.0.0.1:59423"},"pageLoadStrategy":"normal","platformName":"","proxy":{},"setWindowRect":false,"strictFileInteractability":false,"timeouts":{"implicit":0,"pageLoad":300000,"script":30000},"unhandledPromptBehavior":"dismiss and notify","webauthn:extension:credBlob":true,"webauthn:extension:largeBlob":true,"webauthn:extension:minPinLength":true,"webauthn:extension:prf":true,"webauthn:virtualAuthenticators":true},"sessionId":"53fde421e93c6776659120086b0f505b"}} | headers=HTTPHeaderDict({'Content-Length': '762', 'Content-Type': 'application/json; charset=utf-8', 'cache-control': 'no-cache'})
DEBUG:selenium.webdriver.remote.remote_connection:Finished Request
DEBUG:selenium.webdriver.remote.remote_connection:POST http://localhost:59424/session/53fde421e93c6776659120086b0f505b/timeouts {'script': 60000}
DEBUG:urllib3.connectionpool:http://localhost:59424 "POST /session/53fde421e93c6776659120086b0f505b/timeouts HTTP/11" 200 0
DEBUG:selenium.webdriver.remote.remote_connection:Remote response: status=200 | data={"value":null} | headers=HTTPHeaderDict({'Content-Length': '14', 'Content-Type': 'application/json; charset=utf-8', 'cache-control': 'no-cache'})
DEBUG:selenium.webdriver.remote.remote_connection:Finished Request
DEBUG:selenium.webdriver.remote.remote_connection:GET http://localhost:59424/session/53fde421e93c6776659120086b0f505b/timeouts {}
DEBUG:urllib3.connectionpool:http://localhost:59424 "GET /session/53fde421e93c6776659120086b0f505b/timeouts HTTP/11" 200 0
DEBUG:selenium.webdriver.remote.remote_connection:Remote response: status=200 | data={"value":{"implicit":0,"pageLoad":300000,"script":60000}} | headers=HTTPHeaderDict({'Content-Length': '57', 'Content-Type': 'application/json; charset=utf-8', 'cache-control': 'no-cache'})
DEBUG:selenium.webdriver.remote.remote_connection:Finished Request
DEBUG:selenium.webdriver.remote.remote_connection:POST http://localhost:59424/session/53fde421e93c6776659120086b0f505b/url {'url': 'https://www.udio.com/home'}
DEBUG:urllib3.connectionpool:http://localhost:59424 "POST /session/53fde421e93c6776659120086b0f505b/url HTTP/11" 200 0
DEBUG:selenium.webdriver.remote.remote_connection:Remote response: status=200 | data={"value":null} | headers=HTTPHeaderDict({'Content-Length': '14', 'Content-Type': 'application/json; charset=utf-8', 'cache-control': 'no-cache'})
DEBUG:selenium.webdriver.remote.remote_connection:Finished Request
DEBUG:selenium.webdriver.remote.remote_connection:POST http://localhost:59424/session/53fde421e93c6776659120086b0f505b/cookie {'cookie': {'name': '_ga', 'value': 'GA1.1.1306355284.1723460359'}}
DEBUG:urllib3.connectionpool:http://localhost:59424 "POST /session/53fde421e93c6776659120086b0f505b/cookie HTTP/11" 200 0
DEBUG:selenium.webdriver.remote.remote_connection:Remote response: status=200 | data={"value":null} | headers=HTTPHeaderDict({'Content-Length': '14', 'Content-Type': 'application/json; charset=utf-8', 'cache-control': 'no-cache'})
DEBUG:selenium.webdriver.remote.remote_connection:Finished Request
DEBUG:selenium.webdriver.remote.remote_connection:POST http://localhost:59424/session/53fde421e93c6776659120086b0f505b/cookie {'cookie': {'name': 'CookieScriptConsent', 'value': '{"googleconsentmap":{"ad_storage":"targeting","analytics_storage":"performance","ad_user_data":"targ...'}}
DEBUG:urllib3.connectionpool:http://localhost:59424 "POST /session/53fde421e93c6776659120086b0f505b/cookie HTTP/11" 200 0
DEBUG:selenium.webdriver.remote.remote_connection:Remote response: status=200 | data={"value":null} | headers=HTTPHeaderDict({'Content-Length': '14', 'Content-Type': 'application/json; charset=utf-8', 'cache-control': 'no-cache'})
DEBUG:selenium.webdriver.remote.remote_connection:Finished Request
DEBUG:selenium.webdriver.remote.remote_connection:POST http://localhost:59424/session/53fde421e93c6776659120086b0f505b/cookie {'cookie': {'name': 'sb-ssr-production-auth-token.0', 'value': 'base64-eyJhY2Nlc3NfdG9rZW4iOiJleUpoYkdjaU9pSklVekkxTmlJc0ltdHBaQ0k2SWxKSFZrdG9Wek5OY1NzeVZ6aHhjRGtpT...'}}
DEBUG:urllib3.connectionpool:http://localhost:59424 "POST /session/53fde421e93c6776659120086b0f505b/cookie HTTP/11" 200 0
DEBUG:selenium.webdriver.remote.remote_connection:Remote response: status=200 | data={"value":null} | headers=HTTPHeaderDict({'Content-Length': '14', 'Content-Type': 'application/json; charset=utf-8', 'cache-control': 'no-cache'})
DEBUG:selenium.webdriver.remote.remote_connection:Finished Request
DEBUG:selenium.webdriver.remote.remote_connection:POST http://localhost:59424/session/53fde421e93c6776659120086b0f505b/cookie {'cookie': {'name': 'sb-ssr-production-auth-token.1', 'value': 'WQiOiI5YzY5ODlmYi0yNjU4LTRmN2EtOGE5OC1lZDVhMzBkNjQyYzQiLCJpZGVudGl0eV9kYXRhIjp7ImF2YXRhcl91cmwiOiJod...'}}
DEBUG:urllib3.connectionpool:http://localhost:59424 "POST /session/53fde421e93c6776659120086b0f505b/cookie HTTP/11" 200 0
DEBUG:selenium.webdriver.remote.remote_connection:Remote response: status=200 | data={"value":null} | headers=HTTPHeaderDict({'Content-Length': '14', 'Content-Type': 'application/json; charset=utf-8', 'cache-control': 'no-cache'})
DEBUG:selenium.webdriver.remote.remote_connection:Finished Request
DEBUG:selenium.webdriver.remote.remote_connection:POST http://localhost:59424/session/53fde421e93c6776659120086b0f505b/cookie {'cookie': {'name': '_ga_RF4WWQM7BF', 'value': 'GS1.1.1723725893.14.1.1723725939.14.0.501750328'}}
DEBUG:urllib3.connectionpool:http://localhost:59424 "POST /session/53fde421e93c6776659120086b0f505b/cookie HTTP/11" 200 0
DEBUG:selenium.webdriver.remote.remote_connection:Remote response: status=200 | data={"value":null} | headers=HTTPHeaderDict({'Content-Length': '14', 'Content-Type': 'application/json; charset=utf-8', 'cache-control': 'no-cache'})
DEBUG:selenium.webdriver.remote.remote_connection:Finished Request
DEBUG:selenium.webdriver.remote.remote_connection:POST http://localhost:59424/session/53fde421e93c6776659120086b0f505b/url {'url': 'https://www.udio.com/home'}
DEBUG:urllib3.connectionpool:http://localhost:59424 "POST /session/53fde421e93c6776659120086b0f505b/url HTTP/11" 200 0
DEBUG:selenium.webdriver.remote.remote_connection:Remote response: status=200 | data={"value":null} | headers=HTTPHeaderDict({'Content-Length': '14', 'Content-Type': 'application/json; charset=utf-8', 'cache-control': 'no-cache'})
DEBUG:selenium.webdriver.remote.remote_connection:Finished Request
DEBUG:selenium.webdriver.remote.remote_connection:POST http://localhost:59424/session/53fde421e93c6776659120086b0f505b/execute/sync {'script': '\n        const getCaptchaToken = () => {\n            return new Promise((resolve) => {\n             ...', 'args': []}
DEBUG:urllib3.connectionpool:http://localhost:59424 "POST /session/53fde421e93c6776659120086b0f505b/execute/sync HTTP/11" 200 0
DEBUG:selenium.webdriver.remote.remote_connection:Remote response: status=200 | data={"value":"P1_eyJ0eXAiOiJKV1QiLCJhbGciOiJIUzI1NiJ9.hadwYXNza2V5xQV1_ysVJYoUdbbaScQKNH-LpYHF_aSDBk7Bep-xlTDIhJ2lRW-Ct72HbrUDrEY967zt4YUY5Q9jAYVSHWechr3EW-OlpoocOqGlMJK1xn91RzU238KQC8tRd8eTwVZTyzfWYR509Q16uD-ktiL3bHWWPu5nq6Xui_EtE_JZySJfA_pGRVmPdraLbOiuqiXNJj1Iyt5A32jd1JLV32W6pYrZ33WLUbbX-YacI4poU7ooAOMomCfqaPSWesgVSawMqQodzzT66tbqpJxT4EmCxZ4VuI1YIYXiazKHNYeuQDjS6UhnLVLkWh4jYgrsJyLvnAbMq5JgcTO6TAXvuZay_BidJuQ0UkKlvlQW1Pile1uXzPZEDxxDR7EYKu4ySxeZq_wcd-Q389vOq2m7LBtOitvvv0ys-aVlhfnEY1O1M2JNfRfIt8GLtCT8B3RE-cDlfWdRqSbEkLbvSkNo-cRPgQRUjigCV9TkuOOY0QH64lIMbL-R1Ek5wURbjRvWuErHsBr0PmNQS044izbnaZw36WAF6Qtv2j4wi7LeCfSX80agjD7ZszcPJEIn8fGJD8xvw1egoZzVVyIFWNT8oNfeFpqDPnMhZRLpxt-8HwP9aSIVdGUtBCSTsRSSYB6dRNyfT6fjxA-HvQNFwaVS8fUzg5Sk8hGFpo2tJOXn9HAvCjeiNeB8DMS_q727VnVjGGA6nf8l4iKN1YQoPVget6u9qPUxBh_ADgsH3YpzZLwdO2mNuUZ3qxUJPDsKbvgRXvrt-rZhrU9N7pbAsq09qUVnfHR7zTGmHp3SE4waCrlK4PUfrFOLn5_OFQF32UHVYvrLAv11sSn3dCItvz1Iow6UJhAUIhXkjNGsotsA47ipvQLGE4JzqoQgfkn6NnQEtsCaC2gZo5KJZ6UaXcf0mwSVHXLz8vi-GGlEcvIHeVeDYkCVaPiKJTiseuvt-jzBcB-irYWpqmZCJpKSzlS6zJwJa3c9lO-IlmbA7NVpffrKYufFxDLUqlErefw3HoSv6w1KE1Jp73OIK3LybYcfl5xSDdq76KJuU9zNY53SBBlWybUDvz9V_RBqrS09I9w-BFq1EEI1F72AkJ4lN10ookXoV0Z_wOdYyUJ0LqLXEC_g9Md5CdkJ28sGRdT8Q8yEnCktLo_KLTUp7oUGHGdPa460br0VvOr1P4gUrGkbSrJASfPg_zGkYuUBpIA8Naoyu-0YMwHV0VbTiiaSvmMeuuE7-_NIFjbBk2MIKXZTvuRcE1B0LJ6VpUcPAjJgYNo5kcZJE0_3sOTRig-AOT19JXUr-PH6fPOd7ZYCmXfpaPRKMEV_i6rna_wHX92cv_uO5SpB2evp333YoWIpJSerw1mYlZQ9UTFqry3ur_X5mNGFhALVWQM6SbTJL8wvKXrrPDWLruGOzgo5K-hkr-UTcW2xw9hA9mmt2Cfw85vZ_9oIKDqxv_mhu7PB6AZ8CsEsnB0gE6QceJ5mW6229R1VJAN_gCwxCrSU6daL-rBHHAZDfe3v8MWZJuluOpEvPD7tgPtv5McFHNUIJl3IFF_NKea-OUGHPOKTV4cvA0d9f5zPXJJsPw8Hyj0MF7rGzRtFg8t7fLZReE4adp6K1aA-Bjz4ws3KmEboE0W2iHw_7-xs4ijgbXc95KadTCuw-Y3xe4-NwZDAg3NLs4nMcDVj13upi8wTQ-ouYcQgpEf4pzzalGgqovPXltKBLJXuiqMbCFE6umNmYlDZp13GldtIspPRzcTnrEp-IH3vGJ7jm-uYMPFFxLlVf29BmU7WPCSTMJBK43RLnBM2I9BXlD6UqQjqTOTIw36evXwlu1-9NLyoqnw_aPSK5zUodTxD7JwqjpZDhOQ-bSphF2ajZXhwzma-CUmoc2hhcmRfaWTOFDyEH6Jrcqg0OWEwNmY2MKJwZAA.VyfeFH7h6EkDIm0iNuWoKZkYNiHi48twC0ZIlGuds20"} | headers=HTTPHeaderDict({'Content-Length': '2027', 'Content-Type': 'application/json; charset=utf-8', 'cache-control': 'no-cache'})
DEBUG:selenium.webdriver.remote.remote_connection:Finished Request
DEBUG:uc:webdriver process ended
DEBUG:uc:gracefully closed browser
DEBUG:uc:When removing the temp profile, a PermissionError occured: [WinError 32] Процесс не может получить доступ к файлу, так как этот файл занят другим процессом: 'C:\\Temp\\tmpaq2b60ur\\Default\\Affiliation Database'
retrying...
DEBUG:uc:successfully removed C:\Temp\tmpaq2b60ur
DEBUG:urllib3.connectionpool:Starting new HTTPS connection (1): www.udio.com:443
DEBUG:urllib3.connectionpool:https://www.udio.com:443 "POST /api/generate-proxy HTTP/11" 401 None
DEBUG:urllib3.connectionpool:Starting new HTTPS connection (1): www.udio.com:443
DEBUG:urllib3.connectionpool:https://www.udio.com:443 "POST /api/generate-proxy HTTP/11" 401 None
DEBUG:urllib3.connectionpool:Starting new HTTPS connection (1): www.udio.com:443
DEBUG:urllib3.connectionpool:https://www.udio.com:443 "POST /api/generate-proxy HTTP/11" 401 None
DEBUG:urllib3.connectionpool:Starting new HTTPS connection (1): www.udio.com:443
DEBUG:urllib3.connectionpool:https://www.udio.com:443 "POST /api/generate-proxy HTTP/11" 401 None
INFO:uc:ensuring close
DEBUG:uc:webdriver process ended
DEBUG:urllib3:Added a stderr logging handler to logger: urllib3
DEBUG:undetected_chromedriver.patcher:getting release number from /last-known-good-versions-with-downloads.json
DEBUG:undetected_chromedriver.patcher:downloading from https://storage.googleapis.com/chrome-for-testing-public/127.0.6533.119/win32/chromedriver-win32.zip
DEBUG:undetected_chromedriver.patcher:unzipping C:\Temp\tmpbqkm0olc
INFO:undetected_chromedriver.patcher:patching driver executable C:\Users\Admin777\appdata\roaming\undetected_chromedriver\undetected_chromedriver.exe
DEBUG:undetected_chromedriver.patcher:found block:
b'{window.cdc_adoQpoasnfa76pfcZLmcfl_Array = window.Array;window.cdc_adoQpoasnfa76pfcZLmcfl_Object = window.Object;window.cdc_adoQpoasnfa76pfcZLmcfl_Promise = window.Promise;window.cdc_adoQpoasnfa76pfcZLmcfl_Proxy = window.Proxy;window.cdc_adoQpoasnfa76pfcZLmcfl_Symbol = window.Symbol;window.cdc_adoQpoasnfa76pfcZLmcfl_JSON = window.JSON;}'
replacing with:
b'{console.log("undetected chromedriver 1337!")}                                                                                                                                                                                                                                                                                                    '
DEBUG:undetected_chromedriver.patcher:patching took us 0.03 seconds
DEBUG:uc:created a temporary folder in which the user-data (profile) will be stored during this
session, and added it to chrome startup arguments: --user-data-dir=C:\Temp\tmp4cd2vmlf
DEBUG:uc:checking if C:\Users\Admin777\AppData\Local\Google/Chrome/Application\chrome.exe exists and is executable
DEBUG:uc:checking if C:\Program Files\Google/Chrome/Application\chrome.exe exists and is executable
DEBUG:uc:found! using C:\Program Files\Google/Chrome/Application\chrome.exe
DEBUG:uc:did not find a bad exit_type flag 
DEBUG:selenium.webdriver.common.driver_finder:Skipping Selenium Manager; path to chrome driver specified in Service class: C:\Users\Admin777\appdata\roaming\undetected_chromedriver\undetected_chromedriver.exe
DEBUG:selenium.webdriver.common.service:Started executable: `C:\Users\Admin777\appdata\roaming\undetected_chromedriver\undetected_chromedriver.exe` in a child process with pid: 10072 using 0 to output -3
DEBUG:selenium.webdriver.remote.remote_connection:POST http://localhost:59677/session {'capabilities': {'firstMatch': [{}], 'alwaysMatch': {'browserName': 'chrome', 'pageLoadStrategy': <PageLoadStrategy.normal: 'normal'>, 'goog:chromeOptions': {'extensions': [], 'binary': 'C:\\Program Files\\Google\\Chrome\\Application\\chrome.exe', 'args': ['--disable-gpu', '--remote-debugging-host=127.0.0.1', '--remote-debugging-port=59676', '--user-data-dir=C:\\Temp\\tmp4cd2vmlf', '--lang=ru-RU', '--no-default-browser-check', '--no-first-run', '--no-sandbox', '--test-type', '--window-size=1920,1080', '--start-maximized', '--no-sandbox', '--log-level=0'], 'debuggerAddress': '127.0.0.1:59676'}}}}
DEBUG:urllib3.connectionpool:Starting new HTTP connection (1): localhost:59677
DEBUG:urllib3.connectionpool:http://localhost:59677 "POST /session HTTP/11" 200 0
DEBUG:selenium.webdriver.remote.remote_connection:Remote response: status=200 | data={"value":{"capabilities":{"acceptInsecureCerts":false,"browserName":"chrome","browserVersion":"127.0.6533.100","chrome":{"chromedriverVersion":"127.0.6533.119 (bdef6783a05f0b3f885591e7d2c7b2aec1a89dea-refs/branch-heads/6533@{#1999})"},"fedcm:accounts":true,"goog:chromeOptions":{"debuggerAddress":"127.0.0.1:59676"},"pageLoadStrategy":"normal","platformName":"","proxy":{},"setWindowRect":false,"strictFileInteractability":false,"timeouts":{"implicit":0,"pageLoad":300000,"script":30000},"unhandledPromptBehavior":"dismiss and notify","webauthn:extension:credBlob":true,"webauthn:extension:largeBlob":true,"webauthn:extension:minPinLength":true,"webauthn:extension:prf":true,"webauthn:virtualAuthenticators":true},"sessionId":"c3000f024cec659b2316e2918b294053"}} | headers=HTTPHeaderDict({'Content-Length': '762', 'Content-Type': 'application/json; charset=utf-8', 'cache-control': 'no-cache'})
DEBUG:selenium.webdriver.remote.remote_connection:Finished Request
DEBUG:selenium.webdriver.remote.remote_connection:POST http://localhost:59677/session/c3000f024cec659b2316e2918b294053/timeouts {'script': 60000}
DEBUG:urllib3.connectionpool:http://localhost:59677 "POST /session/c3000f024cec659b2316e2918b294053/timeouts HTTP/11" 200 0
DEBUG:selenium.webdriver.remote.remote_connection:Remote response: status=200 | data={"value":null} | headers=HTTPHeaderDict({'Content-Length': '14', 'Content-Type': 'application/json; charset=utf-8', 'cache-control': 'no-cache'})
DEBUG:selenium.webdriver.remote.remote_connection:Finished Request
DEBUG:selenium.webdriver.remote.remote_connection:GET http://localhost:59677/session/c3000f024cec659b2316e2918b294053/timeouts {}
DEBUG:urllib3.connectionpool:http://localhost:59677 "GET /session/c3000f024cec659b2316e2918b294053/timeouts HTTP/11" 200 0
DEBUG:selenium.webdriver.remote.remote_connection:Remote response: status=200 | data={"value":{"implicit":0,"pageLoad":300000,"script":60000}} | headers=HTTPHeaderDict({'Content-Length': '57', 'Content-Type': 'application/json; charset=utf-8', 'cache-control': 'no-cache'})
DEBUG:selenium.webdriver.remote.remote_connection:Finished Request
DEBUG:selenium.webdriver.remote.remote_connection:POST http://localhost:59677/session/c3000f024cec659b2316e2918b294053/url {'url': 'https://www.udio.com/home'}
DEBUG:urllib3.connectionpool:http://localhost:59677 "POST /session/c3000f024cec659b2316e2918b294053/url HTTP/11" 200 0
DEBUG:selenium.webdriver.remote.remote_connection:Remote response: status=200 | data={"value":null} | headers=HTTPHeaderDict({'Content-Length': '14', 'Content-Type': 'application/json; charset=utf-8', 'cache-control': 'no-cache'})
DEBUG:selenium.webdriver.remote.remote_connection:Finished Request
DEBUG:selenium.webdriver.remote.remote_connection:POST http://localhost:59677/session/c3000f024cec659b2316e2918b294053/cookie {'cookie': {'name': '_ga', 'value': 'GA1.1.1306355284.1723460359'}}
DEBUG:urllib3.connectionpool:http://localhost:59677 "POST /session/c3000f024cec659b2316e2918b294053/cookie HTTP/11" 200 0
DEBUG:selenium.webdriver.remote.remote_connection:Remote response: status=200 | data={"value":null} | headers=HTTPHeaderDict({'Content-Length': '14', 'Content-Type': 'application/json; charset=utf-8', 'cache-control': 'no-cache'})
DEBUG:selenium.webdriver.remote.remote_connection:Finished Request
DEBUG:selenium.webdriver.remote.remote_connection:POST http://localhost:59677/session/c3000f024cec659b2316e2918b294053/cookie {'cookie': {'name': 'CookieScriptConsent', 'value': '{"googleconsentmap":{"ad_storage":"targeting","analytics_storage":"performance","ad_user_data":"targ...'}}
DEBUG:urllib3.connectionpool:http://localhost:59677 "POST /session/c3000f024cec659b2316e2918b294053/cookie HTTP/11" 200 0
DEBUG:selenium.webdriver.remote.remote_connection:Remote response: status=200 | data={"value":null} | headers=HTTPHeaderDict({'Content-Length': '14', 'Content-Type': 'application/json; charset=utf-8', 'cache-control': 'no-cache'})
DEBUG:selenium.webdriver.remote.remote_connection:Finished Request
DEBUG:selenium.webdriver.remote.remote_connection:POST http://localhost:59677/session/c3000f024cec659b2316e2918b294053/cookie {'cookie': {'name': 'sb-ssr-production-auth-token.0', 'value': 'base64-eyJhY2Nlc3NfdG9rZW4iOiJleUpoYkdjaU9pSklVekkxTmlJc0ltdHBaQ0k2SWxKSFZrdG9Wek5OY1NzeVZ6aHhjRGtpT...'}}
DEBUG:urllib3.connectionpool:http://localhost:59677 "POST /session/c3000f024cec659b2316e2918b294053/cookie HTTP/11" 200 0
DEBUG:selenium.webdriver.remote.remote_connection:Remote response: status=200 | data={"value":null} | headers=HTTPHeaderDict({'Content-Length': '14', 'Content-Type': 'application/json; charset=utf-8', 'cache-control': 'no-cache'})
DEBUG:selenium.webdriver.remote.remote_connection:Finished Request
DEBUG:selenium.webdriver.remote.remote_connection:POST http://localhost:59677/session/c3000f024cec659b2316e2918b294053/cookie {'cookie': {'name': 'sb-ssr-production-auth-token.1', 'value': 'WQiOiI5YzY5ODlmYi0yNjU4LTRmN2EtOGE5OC1lZDVhMzBkNjQyYzQiLCJpZGVudGl0eV9kYXRhIjp7ImF2YXRhcl91cmwiOiJod...'}}
DEBUG:urllib3.connectionpool:http://localhost:59677 "POST /session/c3000f024cec659b2316e2918b294053/cookie HTTP/11" 200 0
DEBUG:selenium.webdriver.remote.remote_connection:Remote response: status=200 | data={"value":null} | headers=HTTPHeaderDict({'Content-Length': '14', 'Content-Type': 'application/json; charset=utf-8', 'cache-control': 'no-cache'})
DEBUG:selenium.webdriver.remote.remote_connection:Finished Request
DEBUG:selenium.webdriver.remote.remote_connection:POST http://localhost:59677/session/c3000f024cec659b2316e2918b294053/cookie {'cookie': {'name': '_ga_RF4WWQM7BF', 'value': 'GS1.1.1723725893.14.1.1723725939.14.0.501750328'}}
DEBUG:urllib3.connectionpool:http://localhost:59677 "POST /session/c3000f024cec659b2316e2918b294053/cookie HTTP/11" 200 0
DEBUG:selenium.webdriver.remote.remote_connection:Remote response: status=200 | data={"value":null} | headers=HTTPHeaderDict({'Content-Length': '14', 'Content-Type': 'application/json; charset=utf-8', 'cache-control': 'no-cache'})
DEBUG:selenium.webdriver.remote.remote_connection:Finished Request
DEBUG:selenium.webdriver.remote.remote_connection:POST http://localhost:59677/session/c3000f024cec659b2316e2918b294053/url {'url': 'https://www.udio.com/home'}
DEBUG:urllib3.connectionpool:http://localhost:59677 "POST /session/c3000f024cec659b2316e2918b294053/url HTTP/11" 200 0
DEBUG:selenium.webdriver.remote.remote_connection:Remote response: status=200 | data={"value":null} | headers=HTTPHeaderDict({'Content-Length': '14', 'Content-Type': 'application/json; charset=utf-8', 'cache-control': 'no-cache'})
DEBUG:selenium.webdriver.remote.remote_connection:Finished Request
DEBUG:selenium.webdriver.remote.remote_connection:POST http://localhost:59677/session/c3000f024cec659b2316e2918b294053/execute/sync {'script': '\n        const getCaptchaToken = () => {\n            return new Promise((resolve) => {\n             ...', 'args': []}
DEBUG:urllib3.connectionpool:http://localhost:59677 "POST /session/c3000f024cec659b2316e2918b294053/execute/sync HTTP/11" 200 0
DEBUG:selenium.webdriver.remote.remote_connection:Remote response: status=200 | data={"value":"P1_eyJ0eXAiOiJKV1QiLCJhbGciOiJIUzI1NiJ9.hadwYXNza2V5xQVyE2guBnJz6nlYzdvNx1NZSV89ITu8R3j7NzU--6xLJeec8l3KmmcBUgSGwxmfyV1H8jnNPd6SOLR6_h0L_TGellQP8OW0QhnDmoWjmyeUctAtr5cPwfXw8aLvgC2fbyZBvaAzEIJdOOlK_1zdM5OJCC8GuKA9vZeMy4sz5sk5HHBNLw16PVsLxjFpQB22JkUrr0Wm5sxAp0QyMbN6IQU8k9IQdyFGCr6GSeLyGbUM-dWKlVqR2MhZvHKs-OnvhRUFNbRsiI3xgNJoHv_jD77xxBD5rMrQTb8BGDBakZ8tT7bzeOOC4lcIzfIcBWvg8joVOla7npznmjO60SZJKL-2bq3l5RYzIKX7XCtRiMCARADpwtz1uI6ycay_MOZoNrzKCEeKSK7lnoxmRo7qpxBbXHA0lqeZPIlqY8IvBCqN8ueewzVQYV0vMxAdn6w4_r4xMJK4lrfmis7TDvqIcBH0B_LolbyX8h2bK0FK84VvLjfdRB3NRC69fWGzsXsE_dRHkpyUn5HXuBXISeHbA9GO6OsOT2juUWyd8PyStZf0QrFtF0D3l2kugEivSZQRFfh1h_BmUQdB7xHvG65pec3-0cHqJ6NzKuNAFZUoRDHcCkI-6LkZetRuCwpsOj_CNWlIJ_eOJqPGbw4582UDM0pBcIqbA225TCMzY6ToGfnwPIi-sANpPxHhOsbbEkxw7g34iSsjSvj2mUDx0voX4p4eze7QVjWfAgA9SZvGZDB8msCsSx3dRACCZs9_R0D1xI5TTxbpB6zt2cs1G6Fgtpd5SnRAK1TP4Tlyy-lSq5SJTdIlfX75ddNVckzjjAx1fpgBMKXhuzkA3PMwemKt0dtFoX9r0_JArnSbVO3kC0Of9SiLwyBGgOvXOULrkvgfVK83HozD6Sbdsld59CUclszdd9dn4E24ILy3a9NjTalcgtiQdbVR6Tgc247Lsn6NCKSebbN8vMKkYrgo0T2vu8XOdhhr_SpIYQm1pKWhBTdZ-Vg8nkNu8NalpvetO01UbOnmeNYtAAfPg8KMau8aYsmVuMkM-J5cDVnBhx88GHnCtufMxKekd3wA9EpjX9vbH2vypmiRuC2-chN7YBI5H6RRrTcErl7j1rqHKswrdqur-SYBr7L4Dxxe0trgR8s64bZ7jBo3AVuIZViiJtIvt2cpfYPYnMV8aF9P_TR1mTEqcWADWN_vOKUQ7MAtrhOCe1jZ-BeDNhVgHobdJpcQK6k0tTcOld6bftB9vfOYjb3dGmNXmFgksn9RtvAFHl0xqjNwYvQiE9h0MVYjPrPvBfKAXfANDcwCLwRnnjB9ap3RbgCI_MxTf8K97qZpwznIUTy87ZOvBXX_DVddMMSFGLQ8fMKTcXB_BdhocGe-nDMi-tjCvaNpYarO3ns-RNBgJNy3vCxcuWs_qqFo5SlJYzi0-u3_xxkEgNBjyi2iFAbghc2sV-ByrGE3H-dE2fc0ZaB8onaVEKX7DJiEas_5XAX2eRj8GdZdlygC1E4cd7sswGGQtAWcjZQO-QIebs3BAgUHPk5mmESd2PgujBJj1RiZ90BaktIT1iWhivVdRE3AQRwH1XInI8Q8yepng5syYrnTZ_8_1FzPal1kzCi4-HLyWVAyh8jHxtXUEpWCKXDwttaUROvaQ8JMgiD3-JYIRFgZR7suQlVlcNOH2cqfPurQTZVnpk2pwG-MnxhLHgVZZdpM1mRS1PaD0Rvi7pV4uoav2TDSzN-tl2KV2AGk938CWVg3W3NYntyh8u6EpiBT1-vQkjIiU-vjp2wL6W5lTuGSfSM88Nqiswbipn6uMDnsttfhyPecvN5WWNPxSDjRRAp7S1UCtz9Mkm3anmE9UTjJypajZXhwzma-Cd-oc2hhcmRfaWTOFDyEH6Jrcqg0YzU0YmY2MqJwZAA.bO-pUIk7y23ACAzJqKIKWMzK7-w9CIAXxZ3xTMdlNJ4"} | headers=HTTPHeaderDict({'Content-Length': '2023', 'Content-Type': 'application/json; charset=utf-8', 'cache-control': 'no-cache'})
DEBUG:selenium.webdriver.remote.remote_connection:Finished Request
DEBUG:uc:webdriver process ended
DEBUG:uc:gracefully closed browser
DEBUG:uc:When removing the temp profile, a PermissionError occured: [WinError 32] Процесс не может получить доступ к файлу, так как этот файл занят другим процессом: 'C:\\Temp\\tmp4cd2vmlf\\Default\\Affiliation Database'
retrying...
DEBUG:uc:successfully removed C:\Temp\tmp4cd2vmlf
DEBUG:urllib3.connectionpool:Starting new HTTPS connection (1): www.udio.com:443
DEBUG:urllib3.connectionpool:https://www.udio.com:443 "POST /api/generate-proxy HTTP/11" 401 None
DEBUG:urllib3.connectionpool:Starting new HTTPS connection (1): www.udio.com:443
DEBUG:urllib3.connectionpool:https://www.udio.com:443 "POST /api/generate-proxy HTTP/11" 401 None
DEBUG:urllib3.connectionpool:Starting new HTTPS connection (1): www.udio.com:443
DEBUG:urllib3.connectionpool:https://www.udio.com:443 "POST /api/generate-proxy HTTP/11" 401 None
DEBUG:urllib3.connectionpool:Starting new HTTPS connection (1): www.udio.com:443
DEBUG:urllib3.connectionpool:https://www.udio.com:443 "POST /api/generate-proxy HTTP/11" 401 None
INFO:uc:ensuring close
DEBUG:uc:webdriver process ended
DEBUG:urllib3:Added a stderr logging handler to logger: urllib3
DEBUG:undetected_chromedriver.patcher:getting release number from /last-known-good-versions-with-downloads.json
DEBUG:undetected_chromedriver.patcher:downloading from https://storage.googleapis.com/chrome-for-testing-public/127.0.6533.119/win32/chromedriver-win32.zip
DEBUG:undetected_chromedriver.patcher:unzipping C:\Temp\tmpcj4rh3na
INFO:undetected_chromedriver.patcher:patching driver executable C:\Users\Admin777\appdata\roaming\undetected_chromedriver\undetected_chromedriver.exe
DEBUG:undetected_chromedriver.patcher:found block:
b'{window.cdc_adoQpoasnfa76pfcZLmcfl_Array = window.Array;window.cdc_adoQpoasnfa76pfcZLmcfl_Object = window.Object;window.cdc_adoQpoasnfa76pfcZLmcfl_Promise = window.Promise;window.cdc_adoQpoasnfa76pfcZLmcfl_Proxy = window.Proxy;window.cdc_adoQpoasnfa76pfcZLmcfl_Symbol = window.Symbol;window.cdc_adoQpoasnfa76pfcZLmcfl_JSON = window.JSON;}'
replacing with:
b'{console.log("undetected chromedriver 1337!")}                                                                                                                                                                                                                                                                                                    '
DEBUG:undetected_chromedriver.patcher:patching took us 0.02 seconds
DEBUG:uc:created a temporary folder in which the user-data (profile) will be stored during this
session, and added it to chrome startup arguments: --user-data-dir=C:\Temp\tmp52w9d6vw
DEBUG:uc:checking if C:\Program Files\Google/Chrome/Application\chrome.exe exists and is executable
DEBUG:uc:found! using C:\Program Files\Google/Chrome/Application\chrome.exe
DEBUG:uc:did not find a bad exit_type flag 
DEBUG:selenium.webdriver.common.driver_finder:Skipping Selenium Manager; path to chrome driver specified in Service class: C:\Users\Admin777\appdata\roaming\undetected_chromedriver\undetected_chromedriver.exe
DEBUG:selenium.webdriver.common.service:Started executable: `C:\Users\Admin777\appdata\roaming\undetected_chromedriver\undetected_chromedriver.exe` in a child process with pid: 14668 using 0 to output -3
DEBUG:selenium.webdriver.remote.remote_connection:POST http://localhost:60010/session {'capabilities': {'firstMatch': [{}], 'alwaysMatch': {'browserName': 'chrome', 'pageLoadStrategy': <PageLoadStrategy.normal: 'normal'>, 'goog:chromeOptions': {'extensions': [], 'binary': 'C:\\Program Files\\Google\\Chrome\\Application\\chrome.exe', 'args': ['--disable-gpu', '--remote-debugging-host=127.0.0.1', '--remote-debugging-port=60009', '--user-data-dir=C:\\Temp\\tmp52w9d6vw', '--lang=ru-RU', '--no-default-browser-check', '--no-first-run', '--no-sandbox', '--test-type', '--window-size=1920,1080', '--start-maximized', '--no-sandbox', '--log-level=0'], 'debuggerAddress': '127.0.0.1:60009'}}}}
DEBUG:urllib3.connectionpool:Starting new HTTP connection (1): localhost:60010
DEBUG:urllib3.connectionpool:http://localhost:60010 "POST /session HTTP/11" 200 0
DEBUG:selenium.webdriver.remote.remote_connection:Remote response: status=200 | data={"value":{"capabilities":{"acceptInsecureCerts":false,"browserName":"chrome","browserVersion":"127.0.6533.100","chrome":{"chromedriverVersion":"127.0.6533.119 (bdef6783a05f0b3f885591e7d2c7b2aec1a89dea-refs/branch-heads/6533@{#1999})"},"fedcm:accounts":true,"goog:chromeOptions":{"debuggerAddress":"127.0.0.1:60009"},"pageLoadStrategy":"normal","platformName":"","proxy":{},"setWindowRect":false,"strictFileInteractability":false,"timeouts":{"implicit":0,"pageLoad":300000,"script":30000},"unhandledPromptBehavior":"dismiss and notify","webauthn:extension:credBlob":true,"webauthn:extension:largeBlob":true,"webauthn:extension:minPinLength":true,"webauthn:extension:prf":true,"webauthn:virtualAuthenticators":true},"sessionId":"a018ce9da2edcbdfa8d4c9d6ae8ddddc"}} | headers=HTTPHeaderDict({'Content-Length': '762', 'Content-Type': 'application/json; charset=utf-8', 'cache-control': 'no-cache'})
DEBUG:selenium.webdriver.remote.remote_connection:Finished Request
DEBUG:selenium.webdriver.remote.remote_connection:POST http://localhost:60010/session/a018ce9da2edcbdfa8d4c9d6ae8ddddc/timeouts {'script': 60000}
DEBUG:urllib3.connectionpool:http://localhost:60010 "POST /session/a018ce9da2edcbdfa8d4c9d6ae8ddddc/timeouts HTTP/11" 200 0
DEBUG:selenium.webdriver.remote.remote_connection:Remote response: status=200 | data={"value":null} | headers=HTTPHeaderDict({'Content-Length': '14', 'Content-Type': 'application/json; charset=utf-8', 'cache-control': 'no-cache'})
DEBUG:selenium.webdriver.remote.remote_connection:Finished Request
DEBUG:selenium.webdriver.remote.remote_connection:GET http://localhost:60010/session/a018ce9da2edcbdfa8d4c9d6ae8ddddc/timeouts {}
DEBUG:urllib3.connectionpool:http://localhost:60010 "GET /session/a018ce9da2edcbdfa8d4c9d6ae8ddddc/timeouts HTTP/11" 200 0
DEBUG:selenium.webdriver.remote.remote_connection:Remote response: status=200 | data={"value":{"implicit":0,"pageLoad":300000,"script":60000}} | headers=HTTPHeaderDict({'Content-Length': '57', 'Content-Type': 'application/json; charset=utf-8', 'cache-control': 'no-cache'})
DEBUG:selenium.webdriver.remote.remote_connection:Finished Request
DEBUG:selenium.webdriver.remote.remote_connection:POST http://localhost:60010/session/a018ce9da2edcbdfa8d4c9d6ae8ddddc/url {'url': 'https://www.udio.com/home'}
DEBUG:urllib3.connectionpool:http://localhost:60010 "POST /session/a018ce9da2edcbdfa8d4c9d6ae8ddddc/url HTTP/11" 200 0
DEBUG:selenium.webdriver.remote.remote_connection:Remote response: status=200 | data={"value":null} | headers=HTTPHeaderDict({'Content-Length': '14', 'Content-Type': 'application/json; charset=utf-8', 'cache-control': 'no-cache'})
DEBUG:selenium.webdriver.remote.remote_connection:Finished Request
DEBUG:selenium.webdriver.remote.remote_connection:POST http://localhost:60010/session/a018ce9da2edcbdfa8d4c9d6ae8ddddc/cookie {'cookie': {'name': '_ga', 'value': 'GA1.1.1306355284.1723460359'}}
DEBUG:urllib3.connectionpool:http://localhost:60010 "POST /session/a018ce9da2edcbdfa8d4c9d6ae8ddddc/cookie HTTP/11" 200 0
DEBUG:selenium.webdriver.remote.remote_connection:Remote response: status=200 | data={"value":null} | headers=HTTPHeaderDict({'Content-Length': '14', 'Content-Type': 'application/json; charset=utf-8', 'cache-control': 'no-cache'})
DEBUG:selenium.webdriver.remote.remote_connection:Finished Request
DEBUG:selenium.webdriver.remote.remote_connection:POST http://localhost:60010/session/a018ce9da2edcbdfa8d4c9d6ae8ddddc/cookie {'cookie': {'name': 'CookieScriptConsent', 'value': '{"googleconsentmap":{"ad_storage":"targeting","analytics_storage":"performance","ad_user_data":"targ...'}}
DEBUG:urllib3.connectionpool:http://localhost:60010 "POST /session/a018ce9da2edcbdfa8d4c9d6ae8ddddc/cookie HTTP/11" 200 0
DEBUG:selenium.webdriver.remote.remote_connection:Remote response: status=200 | data={"value":null} | headers=HTTPHeaderDict({'Content-Length': '14', 'Content-Type': 'application/json; charset=utf-8', 'cache-control': 'no-cache'})
DEBUG:selenium.webdriver.remote.remote_connection:Finished Request
DEBUG:selenium.webdriver.remote.remote_connection:POST http://localhost:60010/session/a018ce9da2edcbdfa8d4c9d6ae8ddddc/cookie {'cookie': {'name': 'sb-ssr-production-auth-token.0', 'value': 'base64-eyJhY2Nlc3NfdG9rZW4iOiJleUpoYkdjaU9pSklVekkxTmlJc0ltdHBaQ0k2SWxKSFZrdG9Wek5OY1NzeVZ6aHhjRGtpT...'}}
DEBUG:urllib3.connectionpool:http://localhost:60010 "POST /session/a018ce9da2edcbdfa8d4c9d6ae8ddddc/cookie HTTP/11" 200 0
DEBUG:selenium.webdriver.remote.remote_connection:Remote response: status=200 | data={"value":null} | headers=HTTPHeaderDict({'Content-Length': '14', 'Content-Type': 'application/json; charset=utf-8', 'cache-control': 'no-cache'})
DEBUG:selenium.webdriver.remote.remote_connection:Finished Request
DEBUG:selenium.webdriver.remote.remote_connection:POST http://localhost:60010/session/a018ce9da2edcbdfa8d4c9d6ae8ddddc/cookie {'cookie': {'name': 'sb-ssr-production-auth-token.1', 'value': 'WQiOiI5YzY5ODlmYi0yNjU4LTRmN2EtOGE5OC1lZDVhMzBkNjQyYzQiLCJpZGVudGl0eV9kYXRhIjp7ImF2YXRhcl91cmwiOiJod...'}}
DEBUG:urllib3.connectionpool:http://localhost:60010 "POST /session/a018ce9da2edcbdfa8d4c9d6ae8ddddc/cookie HTTP/11" 200 0
DEBUG:selenium.webdriver.remote.remote_connection:Remote response: status=200 | data={"value":null} | headers=HTTPHeaderDict({'Content-Length': '14', 'Content-Type': 'application/json; charset=utf-8', 'cache-control': 'no-cache'})
DEBUG:selenium.webdriver.remote.remote_connection:Finished Request
DEBUG:selenium.webdriver.remote.remote_connection:POST http://localhost:60010/session/a018ce9da2edcbdfa8d4c9d6ae8ddddc/cookie {'cookie': {'name': '_ga_RF4WWQM7BF', 'value': 'GS1.1.1723725893.14.1.1723725939.14.0.501750328'}}
DEBUG:urllib3.connectionpool:http://localhost:60010 "POST /session/a018ce9da2edcbdfa8d4c9d6ae8ddddc/cookie HTTP/11" 200 0
DEBUG:selenium.webdriver.remote.remote_connection:Remote response: status=200 | data={"value":null} | headers=HTTPHeaderDict({'Content-Length': '14', 'Content-Type': 'application/json; charset=utf-8', 'cache-control': 'no-cache'})
DEBUG:selenium.webdriver.remote.remote_connection:Finished Request
DEBUG:selenium.webdriver.remote.remote_connection:POST http://localhost:60010/session/a018ce9da2edcbdfa8d4c9d6ae8ddddc/url {'url': 'https://www.udio.com/home'}
DEBUG:urllib3.connectionpool:http://localhost:60010 "POST /session/a018ce9da2edcbdfa8d4c9d6ae8ddddc/url HTTP/11" 200 0
DEBUG:selenium.webdriver.remote.remote_connection:Remote response: status=200 | data={"value":null} | headers=HTTPHeaderDict({'Content-Length': '14', 'Content-Type': 'application/json; charset=utf-8', 'cache-control': 'no-cache'})
DEBUG:selenium.webdriver.remote.remote_connection:Finished Request
DEBUG:selenium.webdriver.remote.remote_connection:POST http://localhost:60010/session/a018ce9da2edcbdfa8d4c9d6ae8ddddc/execute/sync {'script': '\n        const getCaptchaToken = () => {\n            return new Promise((resolve) => {\n             ...', 'args': []}
DEBUG:urllib3.connectionpool:http://localhost:60010 "POST /session/a018ce9da2edcbdfa8d4c9d6ae8ddddc/execute/sync HTTP/11" 200 0
DEBUG:selenium.webdriver.remote.remote_connection:Remote response: status=200 | data={"value":"P1_eyJ0eXAiOiJKV1QiLCJhbGciOiJIUzI1NiJ9.hadwYXNza2V5xQV1lIRr6PgwjhkrCCHohWH1_z5JRK84ebW5pNf1_2pt1kveqS0PRRbVIf7dPIbOZnaUVj2sewXMWTdho4-HnyXIUiEwZc5O0c1XmNsUUiQmR3CQ2h_eBXC8V1UDEEb69an_yRZceMU8oPCSDNtRREpaCbRFbcHGD8LG28ii6Mp2dxu6tCebEWB4p8lD3QXzfG-ajw3BIwUU-NE9h5yk8D8kbI_pHJGBGW7TX0iiYCZVQ-EkOPLJZwNkw0sodOK8OuwLjp1v6g2NYqIhIc73A4XvNmCJ4Rjhmxp3xy2RlAhTs6K7dZ_1Fmzjtuf-46Av_b2ljWXpVn-LNiM1Afvi74n6EJCP8WN3t2byJ1hUG18Aw4SSI_R0dWhCg73dlYjJByeL5zW54SfzKgqfCm-MaLdFBbuXzH95KFXkhJp0L_CZRJZFr2v3l-v54z76F16wXMnrLNZduPlh_4OSmirc0lLoi-dLnguIGcpK0tpVNPfr7UNO1A8TEkyMY-hE7FaZEQyqin3GTNKAaoFOrWzdoRwU6ftKNTi1oSP-2YXafoEGHLp_4B60JeT7K-jmNrRYUHa-a68z6vReeOgPyeTZQg5rJ_5fM93omfERWvjLcygBxqdOKbsIBZCiYdvAGnxS0pThNGC4sjBfjNk0Q790Uab_ojpd_G39AWb8-lmdUnHvJf47D4WLwRyxDHm99oHIJJBu9pwGC22VIBJBP1RRjxvMNK07DF75DfLJd7aYyu2d_TO5orRz97UlmFPmZyykJxrfoU2mhXyFP0J0N-u6xsBCURa2doTkh6qJcz9659rJovrGimwTNLPPxpHe5lwFkrT8GG4BQbldgt4Php-UdBTBRp0Sn8tVugCJAb2PmD91m3yZnWg-2Zi-lIY_3fvfhU6OtIGxeSeCz2zyx0IIcjt5OhsPWFKdMioFXayXMlWiBzKH1szl717YdKc4N3Wp8zZH0vh2lV02lsX9_rCf4Cdo2lJnGzlrmHP-s4-fmXlx0tf1_zvdRFDdjedVZ6TjDCDe-_gwxRvviorE0gLlG4hbbej6bHsvLp7oAW3r5zdVVGhnfhOWlhK3z6Nk_b_l0vhhiUe-2i_niFx-HIPFb8MXkbmSJT7j7iF4KJAhMmhsDTZKL-TLXRc_lo1MVROm-qTtFqiAWoi13WOAtFPamEZ_HXKrjJbT8GTqkyiciEEoGkWwHr3er8-FaZZyrzKkbHWDHA5Z_S7h-2kxVAta9K_NF8_MHYqlvbhEmJVnokwO2sb-hjrGn15b36L62SCBbpaZQFdDcCjYzkjkNt1Dor086F7jv_y4burN9-0kbVDZs-FWJkm4WV6IMCiK-fLnTj0FkjJkJBOKLExc28_wbnuVfOIyBZq1dzSwfxen0nhHAGNM5Xj8QZ1ll2Gx4CnrTqT4ayHFO60AokWPtFGVZMZhezMEpRNRfoERtevlqKJjPNucExBk7CsG8EqG9QRGwpc22DOfFVEX5Hl4cFiPZ77BQYNv5wINbXpT9QvC-DxJ5WuYmqVAZkZO1QIKz6_HVnwdT7L5snuF5b9Lsi6HAg-r7MFH3p0-xGo9rV1045MtfvitYtz6HeVjDvA0H67gvGo1iWIPPZD4xr5TRQZhEiy50QQ9WA2jp6GSJEXnUzgoK03zkc94zrMlcTVSvfpKv-HnRnk_pzBmW1roNj4c4X26_LU4VnhMai-wmrVFw9eMkn0iE-YKu8aLRsoxagM4Mld1DX7C-xUOkM0dK2159RbTG_ZGl70e55PxIeL4I6dymHpblOG-ipoebXO4eA1K9WktxwVt-wjBARa71w2x5wvZjNkb-bYH9UxuTbkVmgjKTRaLYrenVMpXC-4IQkkpsXa0F9s_5A2jZXhwzma-DAWoc2hhcmRfaWTOFDyEH6Jrcqg0OTNmNmQ5NKJwZAA.aVxlutkqneZ5AYFx-ZPQFtF_J8lEdVXgzRwihSCGKHA"} | headers=HTTPHeaderDict({'Content-Length': '2027', 'Content-Type': 'application/json; charset=utf-8', 'cache-control': 'no-cache'})
DEBUG:selenium.webdriver.remote.remote_connection:Finished Request
DEBUG:uc:webdriver process ended
DEBUG:uc:gracefully closed browser
DEBUG:uc:When removing the temp profile, a PermissionError occured: [WinError 32] Процесс не может получить доступ к файлу, так как этот файл занят другим процессом: 'C:\\Temp\\tmp52w9d6vw\\Default\\Affiliation Database'
retrying...
DEBUG:uc:successfully removed C:\Temp\tmp52w9d6vw
DEBUG:urllib3.connectionpool:Starting new HTTPS connection (1): www.udio.com:443
DEBUG:urllib3.connectionpool:https://www.udio.com:443 "POST /api/generate-proxy HTTP/11" 200 None
DEBUG:urllib3.connectionpool:Starting new HTTPS connection (1): www.udio.com:443
DEBUG:urllib3.connectionpool:https://www.udio.com:443 "GET /api/songs?songIds=5bab3e04-099a-4f97-8a5b-ec82a6a6b1ba,02d7ff48-2b27-416f-a9eb-7cc199674448 HTTP/11" 200 None
DEBUG:urllib3.connectionpool:Starting new HTTPS connection (1): www.udio.com:443
DEBUG:urllib3.connectionpool:https://www.udio.com:443 "GET /api/songs?songIds=5bab3e04-099a-4f97-8a5b-ec82a6a6b1ba,02d7ff48-2b27-416f-a9eb-7cc199674448 HTTP/11" 200 None
DEBUG:urllib3.connectionpool:Starting new HTTPS connection (1): www.udio.com:443
DEBUG:urllib3.connectionpool:https://www.udio.com:443 "GET /api/songs?songIds=5bab3e04-099a-4f97-8a5b-ec82a6a6b1ba,02d7ff48-2b27-416f-a9eb-7cc199674448 HTTP/11" 200 None
DEBUG:urllib3.connectionpool:Starting new HTTPS connection (1): www.udio.com:443
DEBUG:urllib3.connectionpool:https://www.udio.com:443 "GET /api/songs?songIds=5bab3e04-099a-4f97-8a5b-ec82a6a6b1ba,02d7ff48-2b27-416f-a9eb-7cc199674448 HTTP/11" 200 None
DEBUG:urllib3.connectionpool:Starting new HTTPS connection (1): www.udio.com:443
DEBUG:urllib3.connectionpool:https://www.udio.com:443 "GET /api/songs?songIds=5bab3e04-099a-4f97-8a5b-ec82a6a6b1ba,02d7ff48-2b27-416f-a9eb-7cc199674448 HTTP/11" 200 None
DEBUG:urllib3.connectionpool:Starting new HTTPS connection (1): www.udio.com:443
DEBUG:urllib3.connectionpool:https://www.udio.com:443 "GET /api/songs?songIds=5bab3e04-099a-4f97-8a5b-ec82a6a6b1ba,02d7ff48-2b27-416f-a9eb-7cc199674448 HTTP/11" 200 None
DEBUG:urllib3.connectionpool:Starting new HTTPS connection (1): www.udio.com:443
DEBUG:urllib3.connectionpool:https://www.udio.com:443 "GET /api/songs?songIds=5bab3e04-099a-4f97-8a5b-ec82a6a6b1ba,02d7ff48-2b27-416f-a9eb-7cc199674448 HTTP/11" 200 None
DEBUG:urllib3.connectionpool:Starting new HTTPS connection (1): www.udio.com:443
DEBUG:urllib3.connectionpool:https://www.udio.com:443 "GET /api/songs?songIds=5bab3e04-099a-4f97-8a5b-ec82a6a6b1ba,02d7ff48-2b27-416f-a9eb-7cc199674448 HTTP/11" 200 None
DEBUG:urllib3.connectionpool:Starting new HTTPS connection (1): www.udio.com:443
DEBUG:urllib3.connectionpool:https://www.udio.com:443 "GET /api/songs?songIds=5bab3e04-099a-4f97-8a5b-ec82a6a6b1ba,02d7ff48-2b27-416f-a9eb-7cc199674448 HTTP/11" 200 None
DEBUG:urllib3.connectionpool:Starting new HTTPS connection (1): www.udio.com:443
DEBUG:urllib3.connectionpool:https://www.udio.com:443 "GET /api/songs?songIds=5bab3e04-099a-4f97-8a5b-ec82a6a6b1ba,02d7ff48-2b27-416f-a9eb-7cc199674448 HTTP/11" 200 None
INFO:uc:ensuring close
DEBUG:uc:webdriver process ended
